# JRE version: OpenJDK Runtime Environment (8.0_242-b01) (build 1.8.0_242-release-1644-b01)
# Java VM: OpenJDK 64-Bit Server VM (25.242-b01 mixed mode windows-amd64 compressed oops)
Heap:
 PSYoungGen      total 119296K, used 22276K [0x00000000d5580000, 0x00000000dd680000, 0x0000000100000000)
  eden space 107520K, 12% used [0x00000000d5580000,0x00000000d621e6b0,0x00000000dbe80000)
  from space 11776K, 79% used [0x00000000dcb00000,0x00000000dd422b00,0x00000000dd680000)
  to   space 12288K, 0% used [0x00000000dbe80000,0x00000000dbe80000,0x00000000dca80000)
 ParOldGen       total 92672K, used 7294K [0x0000000080000000, 0x0000000085a80000, 0x00000000d5580000)
  object space 92672K, 7% used [0x0000000080000000,0x000000008071f898,0x0000000085a80000)
 Metaspace       used 33463K, capacity 34654K, committed 34816K, reserved 1079296K
  class space    used 4577K, capacity 4862K, committed 4864K, reserved 1048576K
GC Heap History (10 events):
Event: 3.893 GC heap before
{Heap before GC invocations=3 (full 0):
 PSYoungGen      total 75776K, used 74340K [0x00000000d5580000, 0x00000000daa00000, 0x0000000100000000)
  eden space 65024K, 100% used [0x00000000d5580000,0x00000000d9500000,0x00000000d9500000)
  from space 10752K, 86% used [0x00000000d9f80000,0x00000000da899018,0x00000000daa00000)
  to   space 10752K, 0% used [0x00000000d9500000,0x00000000d9500000,0x00000000d9f80000)
 ParOldGen       total 173568K, used 24K [0x0000000080000000, 0x000000008a980000, 0x00000000d5580000)
  object space 173568K, 0% used [0x0000000080000000,0x0000000080006000,0x000000008a980000)
 Metaspace       used 20078K, capacity 20814K, committed 20992K, reserved 1067008K
  class space    used 2788K, capacity 2983K, committed 3072K, reserved 1048576K
Event: 3.904 GC heap after
Heap after GC invocations=3 (full 0):
 PSYoungGen      total 75776K, used 10747K [0x00000000d5580000, 0x00000000daa00000, 0x0000000100000000)
  eden space 65024K, 0% used [0x00000000d5580000,0x00000000d5580000,0x00000000d9500000)
  from space 10752K, 99% used [0x00000000d9500000,0x00000000d9f7efd0,0x00000000d9f80000)
  to   space 10752K, 0% used [0x00000000d9f80000,0x00000000d9f80000,0x00000000daa00000)
 ParOldGen       total 173568K, used 1101K [0x0000000080000000, 0x000000008a980000, 0x00000000d5580000)
  object space 173568K, 0% used [0x0000000080000000,0x0000000080113448,0x000000008a980000)
 Metaspace       used 20078K, capacity 20814K, committed 20992K, reserved 1067008K
  class space    used 2788K, capacity 2983K, committed 3072K, reserved 1048576K
}
Event: 3.969 GC heap before
{Heap before GC invocations=4 (full 0):
 PSYoungGen      total 75776K, used 18275K [0x00000000d5580000, 0x00000000daa00000, 0x0000000100000000)
  eden space 65024K, 11% used [0x00000000d5580000,0x00000000d5cd9d38,0x00000000d9500000)
  from space 10752K, 99% used [0x00000000d9500000,0x00000000d9f7efd0,0x00000000d9f80000)
  to   space 10752K, 0% used [0x00000000d9f80000,0x00000000d9f80000,0x00000000daa00000)
 ParOldGen       total 173568K, used 1101K [0x0000000080000000, 0x000000008a980000, 0x00000000d5580000)
  object space 173568K, 0% used [0x0000000080000000,0x0000000080113448,0x000000008a980000)
 Metaspace       used 20508K, capacity 21204K, committed 21248K, reserved 1067008K
  class space    used 2856K, capacity 3048K, committed 3072K, reserved 1048576K
Event: 3.974 GC heap after
Heap after GC invocations=4 (full 0):
 PSYoungGen      total 75776K, used 7473K [0x00000000d5580000, 0x00000000de980000, 0x0000000100000000)
  eden space 65024K, 0% used [0x00000000d5580000,0x00000000d5580000,0x00000000d9500000)
  from space 10752K, 69% used [0x00000000d9f80000,0x00000000da6cc4a0,0x00000000daa00000)
  to   space 10752K, 0% used [0x00000000d9500000,0x00000000d9500000,0x00000000d9f80000)
 ParOldGen       total 173568K, used 1109K [0x0000000080000000, 0x000000008a980000, 0x00000000d5580000)
  object space 173568K, 0% used [0x0000000080000000,0x0000000080115448,0x000000008a980000)
 Metaspace       used 20508K, capacity 21204K, committed 21248K, reserved 1067008K
  class space    used 2856K, capacity 3048K, committed 3072K, reserved 1048576K
}
Event: 3.974 GC heap before
{Heap before GC invocations=5 (full 1):
 PSYoungGen      total 75776K, used 7473K [0x00000000d5580000, 0x00000000de980000, 0x0000000100000000)
  eden space 65024K, 0% used [0x00000000d5580000,0x00000000d5580000,0x00000000d9500000)
  from space 10752K, 69% used [0x00000000d9f80000,0x00000000da6cc4a0,0x00000000daa00000)
  to   space 10752K, 0% used [0x00000000d9500000,0x00000000d9500000,0x00000000d9f80000)
 ParOldGen       total 173568K, used 1109K [0x0000000080000000, 0x000000008a980000, 0x00000000d5580000)
  object space 173568K, 0% used [0x0000000080000000,0x0000000080115448,0x000000008a980000)
 Metaspace       used 20508K, capacity 21204K, committed 21248K, reserved 1067008K
  class space    used 2856K, capacity 3048K, committed 3072K, reserved 1048576K
Event: 4.013 GC heap after
Heap after GC invocations=5 (full 1):
 PSYoungGen      total 75776K, used 0K [0x00000000d5580000, 0x00000000de980000, 0x0000000100000000)
  eden space 65024K, 0% used [0x00000000d5580000,0x00000000d5580000,0x00000000d9500000)
  from space 10752K, 0% used [0x00000000d9f80000,0x00000000d9f80000,0x00000000daa00000)
  to   space 10752K, 0% used [0x00000000d9500000,0x00000000d9500000,0x00000000d9f80000)
 ParOldGen       total 92672K, used 7278K [0x0000000080000000, 0x0000000085a80000, 0x00000000d5580000)
  object space 92672K, 7% used [0x0000000080000000,0x000000008071b898,0x0000000085a80000)
 Metaspace       used 20508K, capacity 21204K, committed 21248K, reserved 1067008K
  class space    used 2856K, capacity 3048K, committed 3072K, reserved 1048576K
}
Event: 4.903 GC heap before
{Heap before GC invocations=6 (full 1):
 PSYoungGen      total 75776K, used 65024K [0x00000000d5580000, 0x00000000de980000, 0x0000000100000000)
  eden space 65024K, 100% used [0x00000000d5580000,0x00000000d9500000,0x00000000d9500000)
  from space 10752K, 0% used [0x00000000d9f80000,0x00000000d9f80000,0x00000000daa00000)
  to   space 10752K, 0% used [0x00000000d9500000,0x00000000d9500000,0x00000000d9f80000)
 ParOldGen       total 92672K, used 7278K [0x0000000080000000, 0x0000000085a80000, 0x00000000d5580000)
  object space 92672K, 7% used [0x0000000080000000,0x000000008071b898,0x0000000085a80000)
 Metaspace       used 28488K, capacity 29386K, committed 29568K, reserved 1075200K
  class space    used 3937K, capacity 4191K, committed 4224K, reserved 1048576K
Event: 4.906 GC heap after
Heap after GC invocations=6 (full 1):
 PSYoungGen      total 75776K, used 8312K [0x00000000d5580000, 0x00000000dd700000, 0x0000000100000000)
  eden space 65024K, 0% used [0x00000000d5580000,0x00000000d5580000,0x00000000d9500000)
  from space 10752K, 77% used [0x00000000d9500000,0x00000000d9d1e1a8,0x00000000d9f80000)
  to   space 12288K, 0% used [0x00000000dcb00000,0x00000000dcb00000,0x00000000dd700000)
 ParOldGen       total 92672K, used 7286K [0x0000000080000000, 0x0000000085a80000, 0x00000000d5580000)
  object space 92672K, 7% used [0x0000000080000000,0x000000008071d898,0x0000000085a80000)
 Metaspace       used 28488K, capacity 29386K, committed 29568K, reserved 1075200K
  class space    used 3937K, capacity 4191K, committed 4224K, reserved 1048576K
}
Event: 5.536 GC heap before
{Heap before GC invocations=7 (full 1):
 PSYoungGen      total 75776K, used 73336K [0x00000000d5580000, 0x00000000dd700000, 0x0000000100000000)
  eden space 65024K, 100% used [0x00000000d5580000,0x00000000d9500000,0x00000000d9500000)
  from space 10752K, 77% used [0x00000000d9500000,0x00000000d9d1e1a8,0x00000000d9f80000)
  to   space 12288K, 0% used [0x00000000dcb00000,0x00000000dcb00000,0x00000000dd700000)
 ParOldGen       total 92672K, used 7286K [0x0000000080000000, 0x0000000085a80000, 0x00000000d5580000)
  object space 92672K, 7% used [0x0000000080000000,0x000000008071d898,0x0000000085a80000)
 Metaspace       used 32749K, capacity 33808K, committed 34048K, reserved 1079296K
  class space    used 4468K, capacity 4754K, committed 4864K, reserved 1048576K
Event: 5.545 GC heap after
Heap after GC invocations=7 (full 1):
 PSYoungGen      total 119296K, used 9354K [0x00000000d5580000, 0x00000000dd680000, 0x0000000100000000)
  eden space 107520K, 0% used [0x00000000d5580000,0x00000000d5580000,0x00000000dbe80000)
  from space 11776K, 79% used [0x00000000dcb00000,0x00000000dd422b00,0x00000000dd680000)
  to   space 12288K, 0% used [0x00000000dbe80000,0x00000000dbe80000,0x00000000dca80000)
 ParOldGen       total 92672K, used 7294K [0x0000000080000000, 0x0000000085a80000, 0x00000000d5580000)
  object space 92672K, 7% used [0x0000000080000000,0x000000008071f898,0x0000000085a80000)
 Metaspace       used 32749K, capacity 33808K, committed 34048K, reserved 1079296K
  class space    used 4468K, capacity 4754K, committed 4864K, reserved 1048576K
}

